[debug] [2021-02-16T16:17:06.376Z] ----------------------------------------------------------------------
[debug] [2021-02-16T16:17:06.377Z] Command:       /usr/bin/node /usr/bin/firebase init
[debug] [2021-02-16T16:17:06.377Z] CLI Version:   7.15.0
[debug] [2021-02-16T16:17:06.377Z] Platform:      linux
[debug] [2021-02-16T16:17:06.377Z] Node Version:  v10.19.0
[debug] [2021-02-16T16:17:06.378Z] Time:          Tue Feb 16 2021 17:17:06 GMT+0100 (GMT+01:00)
[debug] [2021-02-16T16:17:06.378Z] ----------------------------------------------------------------------
[debug] [2021-02-16T16:17:06.378Z] 
[debug] [2021-02-16T16:17:06.381Z] > command requires scopes: ["email","openid","https://www.googleapis.com/auth/cloudplatformprojects.readonly","https://www.googleapis.com/auth/firebase","https://www.googleapis.com/auth/cloud-platform"]
[debug] [2021-02-16T16:17:06.381Z] > authorizing via signed-in user
[info] 
     ######## #### ########  ######## ########     ###     ######  ########
     ##        ##  ##     ## ##       ##     ##  ##   ##  ##       ##
     ######    ##  ########  ######   ########  #########  ######  ######
     ##        ##  ##    ##  ##       ##     ## ##     ##       ## ##
     ##       #### ##     ## ######## ########  ##     ##  ######  ########

You're about to initialize a Firebase project in this directory:

  /home/vinyet/Proyectos web/porfolio

[info] 
=== Project Setup
[info] 
[info] First, let's associate this project directory with a Firebase project.
[info] You can create multiple project aliases by running firebase use --add, 
[info] but for now we'll just set up a default project.
[info] 
